<?xml version="1.0" encoding="UTF-8"?>
<!-- Generated by org.testng.reporters.JUnitReportReporter -->
<testsuite hostname="SMTC-R-0200" failures="0" tests="3" name="scripts.loginmodule" time="58.791" errors="0" timestamp="2023-04-16T23:59:30 IST" skipped="0">
  <testcase classname="scripts.loginmodule" name="redisterpage" time="10.790"/>
  <system-out/>
  <testcase classname="scripts.loginmodule" name="openloginpage" time="32.460"/>
  <system-out/>
  <testcase classname="scripts.loginmodule" name="viewrmp" time="15.541"/>
  <system-out/>
</testsuite> <!-- scripts.loginmodule -->
